<?xml version="1.0" encoding="UTF-8"?>
<!-- Generated by org.testng.reporters.JUnitXMLReporter -->
<testsuite ignored="0" hostname="mina" failures="1" tests="14" name="Test" time="280.648" errors="0" timestamp="27 Jul 2024 20:29:07 GMT">
  <testcase classname="com.tutorialN.testCases.RegisterTest" name="registerWithValidDetails" time="3.234"/>
  <testcase classname="com.tutorialN.testCases.SearchProductTest" name="searchWithValidProduct" time="3.126"/>
  <testcase classname="com.tutorialN.testCases.LoginTest" name="loginWithValidCredianls" time="1.931"/>
  <testcase classname="com.tutorialN.testCases.RegisterTest" name="registerWithAllDetails" time="3.181"/>
  <testcase classname="com.tutorialN.testCases.SearchProductTest" name="searchWithInValidProduct" time="3.068"/>
  <testcase classname="com.tutorialN.testCases.LoginTest" name="loginWithInValidCredianls" time="1.593"/>
  <testcase classname="com.tutorialN.testCases.RegisterTest" name="registerWithExsistEmail" time="2.71"/>
  <testcase classname="com.tutorialN.testCases.SearchProductTest" name="searchWithNoProduct" time="2.85"/>
  <testcase classname="com.tutorialN.testCases.LoginTest" name="loginWithInValidEmail" time="1.723"/>
  <testcase classname="com.tutorialN.testCases.SearchProductTest" name="addValidProductAndCompletCheckout" time="15.231">
    <failure type="org.openqa.selenium.NoSuchElementException" message="no such element: Unable to locate element: {&amp;quot;method&amp;quot;:&amp;quot;xpath&amp;quot;,&amp;quot;selector&amp;quot;:&amp;quot;//p[text() = &amp;apos;I am a returning customer&amp;apos;]&amp;quot;}
  (Session info: chrome=126.0.6478.185)
For documentation on this error, please visit: https://www.selenium.dev/documentation/webdriver/troubleshooting/errors#no-such-element-exception
Build info: version: &amp;apos;4.22.0&amp;apos;, revision: &amp;apos;c5f3146703*&amp;apos;
System info: os.name: &amp;apos;Windows 11&amp;apos;, os.arch: &amp;apos;amd64&amp;apos;, os.version: &amp;apos;10.0&amp;apos;, java.version: &amp;apos;17.0.10&amp;apos;
Driver info: org.openqa.selenium.chrome.ChromeDriver
Command: [9945132a126f14fe5615aedb798ff646, findElement {value=//p[text() = &amp;apos;I am a returning customer&amp;apos;], using=xpath}]
Capabilities {acceptInsecureCerts: false, browserName: chrome, browserVersion: 126.0.6478.185, chrome: {chromedriverVersion: 126.0.6478.182 (5b5d8292ddf..., userDataDir: C:\Users\benam\AppData\Loca...}, fedcm:accounts: true, goog:chromeOptions: {debuggerAddress: localhost:54266}, networkConnectionEnabled: false, pageLoadStrategy: none, platformName: windows, proxy: Proxy(), se:cdp: ws://localhost:54266/devtoo..., se:cdpVersion: 126.0.6478.185, setWindowRect: true, strictFileInteractability: false, timeouts: {implicit: 0, pageLoad: 300000, script: 30000}, unhandledPromptBehavior: dismiss and notify, webauthn:extension:credBlob: true, webauthn:extension:largeBlob: true, webauthn:extension:minPinLength: true, webauthn:extension:prf: true, webauthn:virtualAuthenticators: true}
Session ID: 9945132a126f14fe5615aedb798ff646">
      <![CDATA[org.openqa.selenium.NoSuchElementException: no such element: Unable to locate element: {"method":"xpath","selector":"//p[text() = 'I am a returning customer']"}
  (Session info: chrome=126.0.6478.185)
For documentation on this error, please visit: https://www.selenium.dev/documentation/webdriver/troubleshooting/errors#no-such-element-exception
Build info: version: '4.22.0', revision: 'c5f3146703*'
System info: os.name: 'Windows 11', os.arch: 'amd64', os.version: '10.0', java.version: '17.0.10'
Driver info: org.openqa.selenium.chrome.ChromeDriver
Command: [9945132a126f14fe5615aedb798ff646, findElement {value=//p[text() = 'I am a returning customer'], using=xpath}]
Capabilities {acceptInsecureCerts: false, browserName: chrome, browserVersion: 126.0.6478.185, chrome: {chromedriverVersion: 126.0.6478.182 (5b5d8292ddf..., userDataDir: C:\Users\benam\AppData\Loca...}, fedcm:accounts: true, goog:chromeOptions: {debuggerAddress: localhost:54266}, networkConnectionEnabled: false, pageLoadStrategy: none, platformName: windows, proxy: Proxy(), se:cdp: ws://localhost:54266/devtoo..., se:cdpVersion: 126.0.6478.185, setWindowRect: true, strictFileInteractability: false, timeouts: {implicit: 0, pageLoad: 300000, script: 30000}, unhandledPromptBehavior: dismiss and notify, webauthn:extension:credBlob: true, webauthn:extension:largeBlob: true, webauthn:extension:minPinLength: true, webauthn:extension:prf: true, webauthn:virtualAuthenticators: true}
Session ID: 9945132a126f14fe5615aedb798ff646
	at org.openqa.selenium.remote.ErrorCodec.decode(ErrorCodec.java:167)
	at org.openqa.selenium.remote.codec.w3c.W3CHttpResponseCodec.decode(W3CHttpResponseCodec.java:138)
	at org.openqa.selenium.remote.codec.w3c.W3CHttpResponseCodec.decode(W3CHttpResponseCodec.java:50)
	at org.openqa.selenium.remote.HttpCommandExecutor.execute(HttpCommandExecutor.java:190)
	at org.openqa.selenium.remote.service.DriverCommandExecutor.invokeExecute(DriverCommandExecutor.java:216)
	at org.openqa.selenium.remote.service.DriverCommandExecutor.execute(DriverCommandExecutor.java:174)
	at org.openqa.selenium.remote.RemoteWebDriver.execute(RemoteWebDriver.java:518)
	at org.openqa.selenium.remote.ElementLocation$ElementFinder$2.findElement(ElementLocation.java:165)
	at org.openqa.selenium.remote.ElementLocation.findElement(ElementLocation.java:59)
	at org.openqa.selenium.remote.RemoteWebDriver.findElement(RemoteWebDriver.java:355)
	at org.openqa.selenium.remote.RemoteWebDriver.findElement(RemoteWebDriver.java:349)
	at org.openqa.selenium.support.pagefactory.DefaultElementLocator.findElement(DefaultElementLocator.java:68)
	at org.openqa.selenium.support.pagefactory.internal.LocatingElementHandler.invoke(LocatingElementHandler.java:38)
	at jdk.proxy2/jdk.proxy2.$Proxy14.isDisplayed(Unknown Source)
	at com.tutorialN.Pages.CheckoutPage.checkoutLinkDisplay(CheckoutPage.java:25)
	at com.tutorialN.testCases.SearchProductTest.addValidProductAndCompletCheckout(SearchProductTest.java:87)
... Removed 30 stack frames]]>
    </failure>
  </testcase> <!-- addValidProductAndCompletCheckout -->
  <testcase classname="com.tutorialN.testCases.LoginTest" name="loginWithInValidPassword" time="1.676"/>
  <testcase classname="com.tutorialN.testCases.LoginTest" name="loginWithNoCredantias" time="1.069"/>
  <testcase classname="com.tutorialN.testCases.LoginTest" name="loginWithEmptyEmail" time="1.318"/>
  <testcase classname="com.tutorialN.testCases.LoginTest" name="loginWithEmptyPassword" time="1.216"/>
</testsuite> <!-- Test -->
